[    0.000000] Linux version 4.8.0-41-generic (buildd@lgw01-18) (gcc version 6.2.0 20161005 (Ubuntu 6.2.0-5ubuntu12) ) #44-Ubuntu SMP Fri Mar 3 15:27:17 UTC 2017 (Ubuntu 4.8.0-41.44-generic 4.8.17)
[    0.000000] Command line: BOOT_IMAGE=/boot/vmlinuz-4.8.0-41-generic root=LABEL=cloudimg-rootfs ro console=tty1 console=ttyS0
[    0.000000] KERNEL supported cpus:
[    0.000000]   Intel GenuineIntel
[    0.000000]   AMD AuthenticAMD
[    0.000000]   Centaur CentaurHauls
[    0.000000] x86/fpu: Supporting XSAVE feature 0x001: 'x87 floating point registers'
[    0.000000] x86/fpu: Supporting XSAVE feature 0x002: 'SSE registers'
[    0.000000] x86/fpu: Supporting XSAVE feature 0x004: 'AVX registers'
[    0.000000] x86/fpu: xstate_offset[2]:  576, xstate_sizes[2]:  256
[    0.000000] x86/fpu: Enabled xstate features 0x7, context size is 832 bytes, using 'standard' format.
[    0.000000] x86/fpu: Using 'eager' FPU context switches.
[    0.000000] e820: BIOS-provided physical RAM map:
[    0.000000] BIOS-e820: [mem 0x0000000000000000-0x000000000009fbff] usable
[    0.000000] BIOS-e820: [mem 0x000000000009fc00-0x000000000009ffff] reserved
[    0.000000] BIOS-e820: [mem 0x00000000000f0000-0x00000000000fffff] reserved
[    0.000000] BIOS-e820: [mem 0x0000000000100000-0x000000003ffeffff] usable
[    0.000000] BIOS-e820: [mem 0x000000003fff0000-0x000000003fffffff] ACPI data
[    0.000000] BIOS-e820: [mem 0x00000000fec00000-0x00000000fec00fff] reserved
[    0.000000] BIOS-e820: [mem 0x00000000fee00000-0x00000000fee00fff] reserved
[    0.000000] BIOS-e820: [mem 0x00000000fffc0000-0x00000000ffffffff] reserved
[    0.000000] NX (Execute Disable) protection: active
[    0.000000] SMBIOS 2.5 present.
[    0.000000] Hypervisor detected: KVM
[    0.000000] e820: last_pfn = 0x3fff0 max_arch_pfn = 0x400000000
[    0.000000] MTRR: Disabled
[    0.000000] x86/PAT: MTRRs disabled, skipping PAT initialization too.
[    0.000000] x86/PAT: Configuration [0-7]: WB  WT  UC- UC  WB  WT  UC- UC  
[    0.000000] CPU MTRRs all blank - virtualized system.
[    0.000000] found SMP MP-table at [mem 0x0009fff0-0x0009ffff] mapped at [ffff8d540009fff0]
[    0.000000] Scanning 1 areas for low memory corruption
[    0.000000] RAMDISK: [mem 0x36970000-0x374affff]
[    0.000000] ACPI: Early table checksum verification disabled
[    0.000000] ACPI: RSDP 0x00000000000E0000 000024 (v02 VBOX  )
[    0.000000] ACPI: XSDT 0x000000003FFF0030 00003C (v01 VBOX   VBOXXSDT 00000001 ASL  00000061)
[    0.000000] ACPI: FACP 0x000000003FFF00F0 0000F4 (v04 VBOX   VBOXFACP 00000001 ASL  00000061)
[    0.000000] ACPI: DSDT 0x000000003FFF0470 0021C8 (v02 VBOX   VBOXBIOS 00000002 INTL 20100528)
[    0.000000] ACPI: FACS 0x000000003FFF0200 000040
[    0.000000] ACPI: FACS 0x000000003FFF0200 000040
[    0.000000] ACPI: APIC 0x000000003FFF0240 00005C (v02 VBOX   VBOXAPIC 00000001 ASL  00000061)
[    0.000000] ACPI: SSDT 0x000000003FFF02A0 0001CC (v01 VBOX   VBOXCPUT 00000002 INTL 20100528)
[    0.000000] No NUMA configuration found
[    0.000000] Faking a node at [mem 0x0000000000000000-0x000000003ffeffff]
[    0.000000] NODE_DATA(0) allocated [mem 0x3ffeb000-0x3ffeffff]
[    0.000000] kvm-clock: Using msrs 4b564d01 and 4b564d00
[    0.000000] kvm-clock: cpu 0, msr 0:3ffe3001, primary cpu clock
[    0.000000] kvm-clock: using sched offset of 2896646438 cycles
[    0.000000] clocksource: kvm-clock: mask: 0xffffffffffffffff max_cycles: 0x1cd42e4dffb, max_idle_ns: 881590591483 ns
[    0.000000] Zone ranges:
[    0.000000]   DMA      [mem 0x0000000000001000-0x0000000000ffffff]
[    0.000000]   DMA32    [mem 0x0000000001000000-0x000000003ffeffff]
[    0.000000]   Normal   empty
[    0.000000]   Device   empty
[    0.000000] Movable zone start for each node
[    0.000000] Early memory node ranges
[    0.000000]   node   0: [mem 0x0000000000001000-0x000000000009efff]
[    0.000000]   node   0: [mem 0x0000000000100000-0x000000003ffeffff]
[    0.000000] Initmem setup node 0 [mem 0x0000000000001000-0x000000003ffeffff]
[    0.000000] ACPI: PM-Timer IO Port: 0x4008
[    0.000000] IOAPIC[0]: apic_id 2, version 32, address 0xfec00000, GSI 0-23
[    0.000000] ACPI: INT_SRC_OVR (bus 0 bus_irq 0 global_irq 2 dfl dfl)
[    0.000000] ACPI: INT_SRC_OVR (bus 0 bus_irq 9 global_irq 9 high level)
[    0.000000] Using ACPI (MADT) for SMP configuration information
[    0.000000] smpboot: Allowing 2 CPUs, 0 hotplug CPUs
[    0.000000] PM: Registered nosave memory: [mem 0x00000000-0x00000fff]
[    0.000000] PM: Registered nosave memory: [mem 0x0009f000-0x0009ffff]
[    0.000000] PM: Registered nosave memory: [mem 0x000a0000-0x000effff]
[    0.000000] PM: Registered nosave memory: [mem 0x000f0000-0x000fffff]
[    0.000000] e820: [mem 0x40000000-0xfebfffff] available for PCI devices
[    0.000000] Booting paravirtualized kernel on KVM
[    0.000000] clocksource: refined-jiffies: mask: 0xffffffff max_cycles: 0xffffffff, max_idle_ns: 7645519600211568 ns
[    0.000000] setup_percpu: NR_CPUS:512 nr_cpumask_bits:512 nr_cpu_ids:2 nr_node_ids:1
[    0.000000] percpu: Embedded 36 pages/cpu @ffff8d543fc00000 s107864 r8192 d31400 u1048576
[    0.000000] PV qspinlock hash table entries: 256 (order: 0, 4096 bytes)
[    0.000000] Built 1 zonelists in Node order, mobility grouping on.  Total pages: 257913
[    0.000000] Policy zone: DMA32
[    0.000000] Kernel command line: BOOT_IMAGE=/boot/vmlinuz-4.8.0-41-generic root=LABEL=cloudimg-rootfs ro console=tty1 console=ttyS0
[    0.000000] PID hash table entries: 4096 (order: 3, 32768 bytes)
[    0.000000] Memory: 1000812K/1048120K available (8852K kernel code, 1441K rwdata, 3828K rodata, 1556K init, 1296K bss, 47308K reserved, 0K cma-reserved)
[    0.000000] SLUB: HWalign=64, Order=0-3, MinObjects=0, CPUs=2, Nodes=1
[    0.000000] Hierarchical RCU implementation.
[    0.000000] 	Build-time adjustment of leaf fanout to 64.
[    0.000000] 	RCU restricting CPUs from NR_CPUS=512 to nr_cpu_ids=2.
[    0.000000] RCU: Adjusting geometry for rcu_fanout_leaf=64, nr_cpu_ids=2
[    0.000000] NR_IRQS:33024 nr_irqs:440 16
[    0.000000] Console: colour VGA+ 80x25
[    0.000000] console [tty1] enabled
[    0.000000] console [ttyS0] enabled
[    0.000000] tsc: Detected 3392.294 MHz processor
[   13.926247] Calibrating delay loop (skipped) preset value.. 6784.58 BogoMIPS (lpj=13569176)
[   14.187115] pid_max: default: 32768 minimum: 301
[   14.348230] ACPI: Core revision 20160422
[   14.483863] ACPI: 2 ACPI AML tables successfully acquired and loaded
[   14.689421] 
[   14.731373] Security Framework initialized
[   14.866524] Yama: becoming mindful.
[   14.975104] AppArmor: AppArmor initialized
[   15.092964] Dentry cache hash table entries: 131072 (order: 8, 1048576 bytes)
[   15.324318] Inode-cache hash table entries: 65536 (order: 7, 524288 bytes)
[   15.571491] Mount-cache hash table entries: 2048 (order: 2, 16384 bytes)
[   15.778465] Mountpoint-cache hash table entries: 2048 (order: 2, 16384 bytes)
[   15.997722] CPU: Physical Processor ID: 0
[   16.007324] CPU: Processor Core ID: 0
[   16.104050] mce: CPU supports 0 MCE banks
[   16.234962] Last level iTLB entries: 4KB 512, 2MB 8, 4MB 8
[   16.429502] Last level dTLB entries: 4KB 512, 2MB 32, 4MB 32, 1GB 0
[   16.642444] Freeing SMP alternatives memory: 32K (ffffffffacaef000 - ffffffffacaf7000)
[   16.913198] ftrace: allocating 33435 entries in 131 pages
[   17.080665] smpboot: APIC(0) Converting physical 0 to logical package 0
[   17.316188] smpboot: Max logical packages: 1
[   17.486452] x2apic enabled
[   17.584123] Switched APIC routing to physical x2apic.
[   17.769860] ..TIMER: vector=0x30 apic1=0 pin1=2 apic2=-1 pin2=-1
[   18.103782] smpboot: CPU0: Intel(R) Core(TM) i7-3770 CPU @ 3.40GHz (family: 0x6, model: 0x3a, stepping: 0x9)
[   18.471566] Performance Events: unsupported p6 CPU model 58 no PMU driver, software events only.
[   18.807081] KVM setup paravirtual spinlock
[   18.959206] x86: Booting SMP configuration:
[   19.125213] .... node  #0, CPUs:      #1
[   19.243390] kvm-clock: cpu 1, msr 0:3ffe3041, secondary cpu clock
[   19.421589] mce: CPU supports 0 MCE banks
[   19.545796] x86: Booted up 1 node, 2 CPUs
[   19.693734] smpboot: Total of 2 processors activated (13569.17 BogoMIPS)
[   19.948078] devtmpfs: initialized
[   20.059336] x86/mm: Memory block size: 128MB
[   20.200411] evm: security.selinux
[   20.302625] evm: security.SMACK64
[   20.421864] evm: security.SMACK64EXEC
[   20.566620] evm: security.SMACK64TRANSMUTE
[   20.723030] evm: security.SMACK64MMAP
[   20.784690] evm: security.ima
[   20.866654] evm: security.capability
[   20.992948] clocksource: jiffies: mask: 0xffffffff max_cycles: 0xffffffff, max_idle_ns: 7645041785100000 ns
[   21.038483] pinctrl core: initialized pinctrl subsystem
[   21.039785] RTC time: 11:43:03, date: 03/16/17
[   21.040951] NET: Registered protocol family 16
[   21.058999] cpuidle: using governor ladder
[   21.185968] cpuidle: using governor menu
[   21.290835] PCCT header not found.
[   21.419702] ACPI: bus type PCI registered
[   21.559641] acpiphp: ACPI Hot Plug PCI Controller Driver version: 0.5
[   21.796199] PCI: Using configuration type 1 for base access
[   21.874755] HugeTLB registered 2 MB page size, pre-allocated 0 pages
[   22.072470] ACPI: Added _OSI(Module Device)
[   22.217836] ACPI: Added _OSI(Processor Device)
[   22.218581] ACPI: Added _OSI(3.0 _SCP Extensions)
[   22.219317] ACPI: Added _OSI(Processor Aggregator Device)
[   22.220357] ACPI: Executed 1 blocks of module-level executable AML code
[   22.223144] ACPI: Interpreter enabled
[   22.223784] ACPI: (supports S0 S5)
[   22.224358] ACPI: Using IOAPIC for interrupt routing
[   22.325559] PCI: Using host bridge windows from ACPI; if necessary, use "pci=nocrs" and report a bug
[   22.383707] ACPI: PCI Root Bridge [PCI0] (domain 0000 [bus 00-ff])
[   22.483951] acpi PNP0A03:00: _OSC: OS supports [ASPM ClockPM Segments MSI]
[   22.484934] acpi PNP0A03:00: _OSC failed (AE_NOT_FOUND); disabling ASPM
[   22.485919] acpi PNP0A03:00: fail to add MMCONFIG information, can't access extended PCI configuration space under this bridge.
[   22.487777] PCI host bridge to bus 0000:00
[   22.488437] pci_bus 0000:00: root bus resource [io  0x0000-0x0cf7 window]
[   22.489403] pci_bus 0000:00: root bus resource [io  0x0d00-0xffff window]
[   22.490377] pci_bus 0000:00: root bus resource [mem 0x000a0000-0x000bffff window]
[   22.491587] pci_bus 0000:00: root bus resource [mem 0x40000000-0xffdfffff window]
[   22.492767] pci_bus 0000:00: root bus resource [bus 00-ff]
[   22.496951] pci 0000:00:01.1: legacy IDE quirk: reg 0x10: [io  0x01f0-0x01f7]
[   22.704751] pci 0000:00:01.1: legacy IDE quirk: reg 0x14: [io  0x03f6]
[   22.939373] pci 0000:00:01.1: legacy IDE quirk: reg 0x18: [io  0x0170-0x0177]
[   23.199419] pci 0000:00:01.1: legacy IDE quirk: reg 0x1c: [io  0x0376]
[   23.400017] pci 0000:00:07.0: quirk: [io  0x4000-0x403f] claimed by PIIX4 ACPI
[   23.652639] pci 0000:00:07.0: quirk: [io  0x4100-0x410f] claimed by PIIX4 SMB
[   23.901753] ACPI: PCI Interrupt Link [LNKA] (IRQs 5 9 10 *11)
[   24.086544] ACPI: PCI Interrupt Link [LNKB] (IRQs 5 9 10 *11)
[   24.265327] ACPI: PCI Interrupt Link [LNKC] (IRQs 5 9 *10 11)
[   24.397553] ACPI: PCI Interrupt Link [LNKD] (IRQs 5 *9 10 11)
[   24.398843] ACPI: Enabled 2 GPEs in block 00 to 07
[   24.451256] SCSI subsystem initialized
[   24.452085] vgaarb: setting as boot device: PCI:0000:00:02.0
[   24.634244] vgaarb: device added: PCI:0000:00:02.0,decodes=io+mem,owns=io+mem,locks=none
[   24.944418] vgaarb: loaded
[   25.040918] vgaarb: bridge control possible 0000:00:02.0
[   25.216580] ACPI: bus type USB registered
[   25.361553] usbcore: registered new interface driver usbfs
[   25.434918] usbcore: registered new interface driver hub
[   25.619687] usbcore: registered new device driver usb
[   25.812428] PCI: Using ACPI for IRQ routing
[   25.963151] NetLabel: Initializing
[   26.073072] NetLabel:  domain hash size = 128
[   26.238581] NetLabel:  protocols = UNLABELED CIPSOv4
[   26.425241] NetLabel:  unlabeled traffic allowed by default
[   26.603368] clocksource: Switched to clocksource kvm-clock
[   26.832482] VFS: Disk quotas dquot_6.6.0
[   26.993129] VFS: Dquot-cache hash table entries: 512 (order 0, 4096 bytes)
[   27.251514] AppArmor: AppArmor Filesystem Enabled
[   27.439921] pnp: PnP ACPI init
[   27.556868] pnp: PnP ACPI: found 3 devices
[   27.610886] clocksource: acpi_pm: mask: 0xffffff max_cycles: 0xffffff, max_idle_ns: 2085701024 ns
[   27.901577] NET: Registered protocol family 2
[   28.048152] TCP established hash table entries: 8192 (order: 4, 65536 bytes)
[   28.280711] TCP bind hash table entries: 8192 (order: 5, 131072 bytes)
[   28.517211] TCP: Hash tables configured (established 8192 bind 8192)
[   28.564846] UDP hash table entries: 512 (order: 2, 16384 bytes)
[   28.565740] UDP-Lite hash table entries: 512 (order: 2, 16384 bytes)
[   28.566709] NET: Registered protocol family 1
[   28.575313] pci 0000:00:00.0: Limiting direct PCI/PCI transfers
[   28.577403] pci 0000:00:01.0: Activating ISA DMA hang workarounds
[   28.782170] pci 0000:00:02.0: Video device with shadowed ROM at [mem 0x000c0000-0x000dffff]
[   29.039842] Trying to unpack rootfs image as initramfs...
[   30.559727] Freeing initrd memory: 11520K (ffff8d5436970000 - ffff8d54374b0000)
[   30.813801] platform rtc_cmos: registered platform RTC device (no PNP device found)
[   31.091429] Scanning for low memory corruption every 60 seconds
[   31.313498] futex hash table entries: 512 (order: 3, 32768 bytes)
[   31.542296] audit: initializing netlink subsys (disabled)
[   31.708485] audit: type=2000 audit(1489664573.173:1): initialized
[   31.718057] Initialise system trusted keyrings
[   31.718963] workingset: timestamp_bits=40 max_order=18 bucket_order=0
[   31.950052] zbud: loaded
[   31.952050] tsc: Refined TSC clocksource calibration: 3394.038 MHz
[   31.952057] clocksource: tsc: mask: 0xffffffffffffffff max_cycles: 0x30ec4eea8e6, max_idle_ns: 440795333913 ns
[   32.696334] squashfs: version 4.0 (2009/01/31) Phillip Lougher
[   32.884787] fuse init (API version 7.25)
[   33.041128] Allocating IMA blacklist keyring.
[   33.044464] Key type asymmetric registered
[   33.045137] Asymmetric key parser 'x509' registered
[   33.045928] Block layer SCSI generic (bsg) driver version 0.4 loaded (major 248)
[   33.311938] io scheduler noop registered
[   33.464146] io scheduler deadline registered (default)
[   33.649898] io scheduler cfq registered
[   33.798890] pci_hotplug: PCI Hot Plug PCI Core version: 0.5
[   33.800923] pciehp: PCI Express Hot Plug Controller Driver version: 0.4
[   33.803110] ACPI: AC Adapter [AC] (on-line)
[   33.803864] input: Power Button as /devices/LNXSYSTM:00/LNXPWRBN:00/input/input0
[   33.805081] ACPI: Power Button [PWRF]
[   33.807580] input: Sleep Button as /devices/LNXSYSTM:00/LNXSLPBN:00/input/input1
[   34.022566] ACPI: Sleep Button [SLPF]
[   34.148617] GHES: HEST is not enabled!
[   34.304928] Serial: 8250/16550 driver, 32 ports, IRQ sharing enabled
[   34.589693] 00:02: ttyS0 at I/O 0x3f8 (irq = 4, base_baud = 115200) is a 16550A
[   34.862362] Linux agpgart interface v0.103
[   34.892568] brd: module loaded
[   35.006929] loop: module loaded
[   35.122578] scsi host0: ata_piix
[   35.240319] scsi host1: ata_piix
[   35.355774] ata1: PATA max UDMA/33 cmd 0x1f0 ctl 0x3f6 bmdma 0xd000 irq 14
[   35.627555] ata2: PATA max UDMA/33 cmd 0x170 ctl 0x376 bmdma 0xd008 irq 15
[   35.883751] libphy: Fixed MDIO Bus: probed
[   35.905800] tun: Universal TUN/TAP device driver, 1.6
[   35.930044] tun: (C) 1999-2004 Max Krasnyansky <maxk@qualcomm.com>
[   35.931016] PPP generic driver version 2.4.2
[   35.931805] ehci_hcd: USB 2.0 'Enhanced' Host Controller (EHCI) Driver
[   35.932746] ehci-pci: EHCI PCI platform driver
[   35.933452] ehci-platform: EHCI generic platform driver
[   35.934268] ohci_hcd: USB 1.1 'Open' Host Controller (OHCI) Driver
[   35.935165] ohci-pci: OHCI PCI platform driver
[   35.944604] ohci-platform: OHCI generic platform driver
[   35.945396] uhci_hcd: USB Universal Host Controller Interface driver
[   35.946360] i8042: PNP: PS/2 Controller [PNP0303:PS2K,PNP0f03:PS2M] at 0x60,0x64 irq 1,12
[   35.948085] serio: i8042 KBD port at 0x60,0x64 irq 1
[   36.143709] serio: i8042 AUX port at 0x60,0x64 irq 12
[   36.345169] mousedev: PS/2 mouse device common for all mice
[   36.543913] rtc_cmos rtc_cmos: rtc core: registered rtc_cmos as rtc0
[   36.735224] rtc_cmos rtc_cmos: alarms up to one day, 114 bytes nvram
[   36.943509] i2c /dev entries driver
[   36.951449] input: AT Translated Set 2 keyboard as /devices/platform/i8042/serio0/input/input2
[   36.955987] device-mapper: uevent: version 1.0.3
[   37.040630] device-mapper: ioctl: 4.35.0-ioctl (2016-06-23) initialised: dm-devel@redhat.com
[   37.042688] ledtrig-cpu: registered to indicate activity on CPUs
[   37.043865] NET: Registered protocol family 10
[   37.044744] NET: Registered protocol family 17
[   37.045441] Key type dns_resolver registered
[   37.046211] microcode: sig=0x306a9, pf=0x2, revision=0x19
[   37.053867] microcode: Microcode Update Driver: v2.01 <tigran@aivazian.fsnet.co.uk>, Peter Oruba
[   37.364042] registered taskstats version 1
[   37.526972] Loading compiled-in X.509 certificates
[   37.715725] Loaded X.509 cert 'Build time autogenerated kernel key: 01efd8212b4e7a4a90d2d5ccf24572af6c03b153'
[   38.062514] zswap: loaded using pool lzo/zbud
[   38.217412] Key type big_key registered
[   38.346342] Key type trusted registered
[   38.493985] Key type encrypted registered
[   38.634709] AppArmor: AppArmor sha1 policy hashing enabled
[   38.835942] ima: No TPM chip found, activating TPM-bypass!
[   39.030629] evm: HMAC attrs: 0x1
[   39.092286]   Magic number: 9:34:732
[   39.216373] rtc_cmos rtc_cmos: setting system clock to 2017-03-16 11:43:22 UTC (1489664602)
[   39.507026] BIOS EDD facility v0.16 2004-Jun-25, 0 devices found
[   39.723723] EDD information not available.
[   39.875341] Freeing unused kernel memory: 1556K (ffffffffac96a000 - ffffffffacaef000)
[   40.087746] Write protecting the kernel read-only data: 14336k
[   40.090162] Freeing unused kernel memory: 1372K (ffff8d54326a9000 - ffff8d5432800000)
[   40.099287] Freeing unused kernel memory: 268K (ffff8d5432bbd000 - ffff8d5432c00000)
[   40.316041] x86/mm: Checked W+X mappings: passed, no W+X pages found.
Loading, please [   40.561845] random: systemd-udevd: uninitialized urandom read (16 bytes read)
wait...
startin[   40.564603] random: udevadm: uninitialized urandom read (16 bytes read)
g version 231
[   40.564623] random: udevadm: uninitialized urandom read (16 bytes read)
[   40.564977] random: udevadm: uninitialized urandom read (16 bytes read)
[   40.565009] random: udevadm: uninitialized urandom read (16 bytes read)
[   40.565038] random: udevadm: uninitialized urandom read (16 bytes read)
[   40.565186] random: udevadm: uninitialized urandom read (16 bytes read)
[   40.565217] random: udevadm: uninitialized urandom read (16 bytes read)
[   40.565248] random: udevadm: uninitialized urandom read (16 bytes read)
[   40.565278] random: udevadm: uninitialized urandom read (16 bytes read)
[   41.058012] e1000: Intel(R) PRO/1000 Network Driver - version 7.3.21-k8-NAPI
[   41.266371] e1000: Copyright (c) 1999-2006 Intel Corporation.
[   41.418964] Fusion MPT base driver 3.04.20
[   41.513637] Copyright (c) 1999-2008 LSI Corporation
[   41.618914] Fusion MPT SPI Host driver 3.04.20
[   41.622184] mptbase: ioc0: Initiating bringup
[   41.628440] AVX version of gcm_enc/dec engaged.
[   41.629163] AES CTR mode by8 optimization enabled
[   41.724364] ioc0: LSI53C1030 A0: Capabilities={Initiator}
[   41.920926] input: ImExPS/2 Generic Explorer Mouse as /devices/platform/i8042/serio1/input/input4
[   42.437477] scsi host2: ioc0: LSI53C1030 A0, FwRev=00000000h, Ports=1, MaxQ=256, IRQ=20
[   42.871854] scsi 2:0:0:0: Direct-Access     VBOX     HARDDISK         1.0  PQ: 0 ANSI: 5
[   43.095916] scsi target2:0:0: Beginning Domain Validation
[   43.240175] e1000 0000:00:03.0 eth0: (PCI:33MHz:32-bit) 02:ce:c7:31:52:94
[   43.240179] e1000 0000:00:03.0 eth0: Intel(R) PRO/1000 Network Connection
[   43.517370] scsi target2:0:0: Domain Validation skipping write tests
[   43.518303] scsi target2:0:0: Ending Domain Validation
[   43.519119] scsi target2:0:0: asynchronous
[   43.571761] scsi 2:0:1:0: Direct-Access     VBOX     HARDDISK         1.0  PQ: 0 ANSI: 5
[   43.603386] e1000 0000:00:08.0 eth1: (PCI:33MHz:32-bit) 08:00:27:c2:a9:83
[   43.603387] e1000 0000:00:08.0 eth1: Intel(R) PRO/1000 Network Connection
[   44.312695] scsi target2:0:1: Beginning Domain Validation
[   44.313469] e1000 0000:00:03.0 enp0s3: renamed from eth0
[   44.674923] scsi target2:0:1: Domain Validation skipping write tests
[   44.850331] scsi target2:0:1: Ending Domain Validation
[   45.021402] floppy0: no floppy controllers found
[   45.028587] e1000 0000:00:08.0 enp0s8: renamed from eth1
[   45.185700] scsi target2:0:1: asynchronous
[   45.502844] random: fast init done
[   45.616026] sd 2:0:0:0: Attached scsi generic sg0 type 0
[   45.823147] sd 2:0:0:0: [sda] 20971520 512-byte logical blocks: (10.7 GB/10.0 GiB)
[   46.098176] sd 2:0:1:0: Attached scsi generic sg1 type 0
[   46.098278] sd 2:0:1:0: [sdb] 20480 512-byte logical blocks: (10.5 MB/10.0 MiB)
[   46.098482] sd 2:0:1:0: [sdb] Write Protect is off
[   46.098677] sd 2:0:1:0: [sdb] Incomplete mode parameter data
[   46.098678] sd 2:0:1:0: [sdb] Assuming drive cache: write through
[   46.292015] sd 2:0:0:0: [sda] Write Protect is off
[   46.292153] sd 2:0:0:0: [sda] Incomplete mode parameter data
[   46.292154] sd 2:0:0:0: [sda] Assuming drive cache: write through
[   46.293109] sd 2:0:1:0: [sdb] Attached SCSI disk
[   46.293259]  sda: sda1
[   46.293660] sd 2:0:0:0: [sda] Attached SCSI disk
Begin: Loading e[   48.303274] md: linear personality registered for level -1
ssential drivers[   48.504250] md: multipath personality registered for level -4
 ... [   48.722793] md: raid0 personality registered for level 0
[   48.940877] md: raid1 personality registered for level 1
[   49.204171] raid6: sse2x1   gen() 10541 MB/s
[   49.435859] raid6: sse2x1   xor()  8183 MB/s
[   49.631388] raid6: sse2x2   gen() 12941 MB/s
[   49.847415] raid6: sse2x2   xor()  9092 MB/s
[   50.071382] raid6: sse2x4   gen() 15086 MB/s
[   50.296124] raid6: sse2x4   xor() 11275 MB/s
[   50.461647] raid6: using algorithm sse2x4 gen() 15086 MB/s
[   50.633724] raid6: .... xor() 11275 MB/s, rmw enabled
[   50.831183] raid6: using ssse3x2 recovery algorithm
[   51.015180] xor: automatically using best checksumming function: avx
[   51.043020] async_tx: api initialized (async)
[   51.049451] md: raid6 personality registered for level 6
[   51.235746] md: raid5 personality registered for level 5
[   51.403525] md: raid4 personality registered for level 4
[   51.567096] md: raid10 personality registered for level 10
done.
Begin: Running[   51.655816] Btrfs loaded, crc32c=crc32c-intel
 /scripts/init-premount ... done[   51.837692] EXT4-fs (sda1): mounted filesystem with ordered data mode. Opts: (null)
.
Begin: Mounting root file system ... Begin: Running /scripts/local-top ... done.
Begin: Running /scripts/local-premount ... Scanning for Btrfs filesystems
done.
Warning: fsck not present, so skipping root file system
done.
Begin: Running /scripts/local-bottom ... done.
Begin: Running /scripts/init-bottom ... /scripts/init-bottom/plymouth: line 18: /bin/plymouth: not found
done.
[   52.066286] ip_tables: (C) 2000-2006 Netfilter Core Team
[   52.241722] systemd[1]: systemd 231 running in system mode. (+PAM +AUDIT +SELINUX +IMA +APPARMOR +SMACK +SYSVINIT +UTMP +LIBCRYPTSETUP +GCRYPT +GNUTLS +ACL +XZ -LZ4 +SECCOMP +BLKID +ELFUTILS +KMOD +IDN)
[   52.674285] systemd[1]: Detected virtualization oracle.
[   52.852487] systemd[1]: Detected architecture x86-64.

Welcome to [1mUbuntu 16.10[0m!

[   53.047555] systemd[1]: Set hostname to <ubuntu>.
[   53.049273] systemd[1]: Initializing machine ID from random generator.
[   53.050265] systemd[1]: Installed transient /etc/machine-id file.
[   53.252460] systemd[1]: Listening on udev Control Socket.
[[0;32m  OK  [0m] Listening on udev Control Socket.
[   53.520604] systemd[1]: Listening on LVM2 poll daemon socket.
[[0;32m  OK  [0m] Listening on LVM2 poll daemon socket.
[   53.525313] systemd[1]: Listening on Journal Audit Socket.
[[0;32m  OK  [0m] Listening on Journal Audit Socket.
[   53.587597] systemd[1]: Listening on Syslog Socket.
[[0;32m  OK  [0m] Listening on Syslog Socket.
[[0;32m  OK  [0m] Created slice System Slice.
[[0;32m  OK  [0m] Listening on Journal Socket (/dev/log).
[[0;32m  OK  [0m] Listening on Journal Socket.
         Starting Set the console keyboard layout...
         Starting Uncomplicated firewall...
         Starting Journal Service...
         Starting Nameserver information manager...
         Starting Create list of required st... nodes for the current kernel...
         Mounting Debug File System...
         Mounting POSIX Message Queue File System...
         [   54.574574] EXT4-fs (sda1): re-mounted. Opts: (null)
Starting Remount Root and Kernel File Systems...
[[0;32m  OK  [0m] Created slice system-serial\x2dgetty.slice.
[[0;32m  OK  [0m] Listening on udev Kernel Socket.
[[0;32m  OK  [0m] Listening on /dev/initctl Compatibility Named Pipe.
[[0;32m  OK  [0m] Reached target User and Group Name Lookups.
[[0;32m  OK  [0m] Listening on Device-mapper event daemon FIFOs.
[[0;32m  OK  [0m] Reached target Encrypted Volumes.
         Mounting Huge Pages File System...
[[0;32m  OK  [0m] Started Forward Password Requests to Wall Directory Watch.
         [   55.271254] Loading iSCSI transport class v2.0-870.
Starting Load Ke[   55.476139] iscsi: registered transport (tcp)
rnel Modules...[   55.691149] iscsi: registered transport (iser)

[[0;32m  OK  [0m] Listening on LVM2 metadata daemon socket.
[[0;32m  OK  [0m] Set up automount Arbitrary Executab...ats File System Automount Point.
[[0;32m  OK  [0m] Reached target Swap.
[[0;32m  OK  [0m] Created slice User and Session Slice.
[[0;32m  OK  [0m] Reached target Slices.
         Starting Monitoring of LVM2 mirrors... dmeventd or progress polling...
[[0;32m  OK  [0m] Mounted POSIX Message Queue File System.
[[0;32m  OK  [0m] Mounted Debug File System.
[[0;32m  OK  [0m] Mounted Huge Pages File System.
[[0;32m  OK  [0m] Started Journal Service.
[[0;32m  OK  [0m] Started Uncomplicated firewall.
[[0;32m  OK  [0m] Started Create list of required sta...ce nodes for the current kernel.
[[0;32m  OK  [0m] Started Remount Root and Kernel File Systems.
[[0;32m  OK  [0m] Started Load Kernel Modules.
[[0;32m  OK  [0[   56.828807] random: crng init done
m] Started Nameserver information manager.
[[0;32m  OK  [0m] Started LVM2 metadata daemon.
         Starting Apply Kernel Variables...
         Mounting FUSE Control File System...
         Mounting Configuration File System...
         Starting udev Coldplug all Devices...
         Starting Initial cloud-init job (pre-networking)...
         Starting Load/Save Random Seed...
         Starting Create Static Device Nodes in /dev...
         Starting Flush Journal to Persistent Storage...
[[0;32m  OK  [0m] Mounted FUSE Control File System.
[[0;32m  OK  [0m] Mounted Configuration File System.
[[0;32m  OK  [0m] Started Monitoring of LVM2 mirrors,...ng dmeventd or progress polling.
[[0;32m  OK  [0m] Started Apply Kernel Variables.
[[0;32m  OK  [0m] Started Load/Save Random Seed.
[[0;32m  OK  [0m] Started Create Static Device Nodes in /dev.
[[0;32m  OK  [0m] Started udev Coldplug all Devices.
         Starting udev Kernel Device Manager...
[[0;32m  OK  [0m] Started udev Kernel Device Manager.
[[0;32m  OK  [0m] Started Set the console keyboard layout.
[[0;32m  OK  [0m] Started Flush Journal to Persistent Storage.
[[0;32m  OK  [0m] Found device /dev/ttyS0.
[[0;32m  OK  [0m] Reached target Local File Systems (Pre).
[[0;32m  OK  [0m] Reached target Local File Systems.
[   32.322483] cloud-init[489]: Cloud-init v. 0.7.9 running 'init-local' at Thu, 16 Mar 2017 11:43:41 +0000. Up 32.02 seconds.
         Starting Create Volatile Files and Directories...
         Starting Set console font and keymap...
         Starting ebtables ruleset management...
         Starting Tell Plymouth To Write Out Runtime Data...
         Starting AppArmor initialization...
         Starting Commit a transient machine-id on disk...
[[0;32m  OK  [0m] Started Dispatch Password Requests to Console Directory Watch.
[[0;32m  OK  [0m] Started Create Volatile Files and Directories.
[[0;32m  OK  [0m] Started Set console font and keymap.
[[0;32m  OK  [0m] Started Tell Plymouth To Write Out Runtime Data.
[[0;32m  OK  [0m] Started Commit a transient machine-id on disk.
[[0;32m  OK  [0m] Started Initial cloud-init job (pre-networking).
[[0;32m  OK  [0m] Started ebtables ruleset management.
[[0;32m  OK  [0m] Listening on Load/Save RF Kill Switch Status /dev/rfkill Watch.
[[0;32m  OK  [0m] Reached target Network (Pre).
         Starting Update UTMP about System Boot/Shutdown...
[[0;32m  OK  [0m] Reached target System Time Synchronized.
[[0;32m  OK  [0m] Started AppArmor initialization.
         Starting Raise network interfaces...
[[0;32m  OK  [0m] Started Update UTMP about System Boot/Shutdown.
[[0;32m  OK  [0m] Started Raise network interfaces.
[[0;32m  OK  [0m] Reached target Network.
         Starting Initial cloud-init job (metadata service crawler)...
[   36.409913] cloud-init[1104]: Cloud-init v. 0.7.9 running 'init' at Thu, 16 Mar 2017 11:43:45 +0000. Up 36.01 seconds.
[   36.580425] [cloud-init[0;32m  OK  [0m[1104]: ] ci-info: ++++++++++++++++++++++++++++++Net device info++++++++++++++++++++++++++++++Started Initial cloud-init job (metadata service crawler).

[   36.844407] [cloud-init[0;32m  OK  [0m[1104]: ] ci-info: +---------+-------+-----------+---------------+-------+-------------------+Reached target Network is Online.

[   36.844882] cloud-init[1104]: ci-info: |  Device |   Up  |  Address  |      Mask     | Scope |     Hw-Address    |
[   37.256281]          cloud-initStarting iSCSI initiator daemon (iscsid)...[1104]: 
ci-info: +---------+-------+-----------+---------------+-------+-------------------+
[   37.496284] [cloud-init[0;32m  OK  [0m[1104]: ] ci-info: | enp0s8: | False |     .     |       .       |   .   | 08:00:27:c2:a9:83 |Reached target System Initialization.

[   37.732303] [cloud-init[0;32m  OK  [0m[1104]: ] ci-info: |   lo:   |  True | 127.0.0.1 |   255.0.0.0   |   .   |         .         |Started Timer to automatically refresh installed snaps.

[   38.001215]          cloud-initStarting LXD - unix socket.[1104]: 
ci-info: |   lo:   |  True |     .     |       .       |   d   |         .         |
[   38.216227] [cloud-init[0;32m  OK  [0m[1104]: ] ci-info: | enp0s3: |  True | 10.0.2.15 | 255.255.255.0 |   .   | 02:ce:c7:31:52:94 |Started Daily Cleanup of Temporary Directories.

[   38.456958] [cloud-init[0;32m  OK  [0m[1104]: ] ci-info: | enp0s3: |  True |     .     |       .       |   d   | 02:ce:c7:31:52:94 |Listening on ACPID Listen Socket.

[   38.457403] cloud-init[1104]: ci-info: +---------+-------+-----------+---------------+-------+-------------------+
[[0;32m  OK  [0m] Started ACPI Events Check.
[[0;32m  OK  [0m] Reached target Paths.
[   38.827000] cloud-init[1104]: ci-info: +++++++++++++++++++++++++++Route IPv4 info++++++++++++++++++++++++++++
[   38.957548] cloud-init[1104]: ci-info: +-------+-------------+----------+---------------+-----------+-------+
         Starting Socket activation for snappy daemon.
[   38.957627] cloud-init[1104]: ci-info: | Route | Destination | Gateway  |    Genmask    | Interface | Flags |
[   39.077564] cloud-init[1104]: ci-info: +-------+-------------+----------+---------------+-----------+-------+
[   39.229105] cloud-init[1104]: ci-info: |   0   |   0.0.0.0   | 10.0.2.2 |    0.0.0.0    |   enp0s3  |   UG  |
[   39.329579] cloud-init[1104]: ci-info: |   1   |   10.0.2.0  | 0.0.0.0  | 255.255.255.0 |   enp0s3  |   U   |
[[0;32m  OK  [0m] Listening on D-Bus System Message Bus Socket.
[[0;32m  OK  [0m] Started Daily apt activities.
[[0;32m  OK  [0m] Reached target Timers.
[   39.468102] cloud-init[1104]: ci-info: +-------+-------------+----------+---------------+-----------+-------+
[   39.821923] cloud-init[1104]: Generating public/private rsa key pair.
[   39.925302] cloud-init[1104]: Your identification has been saved in /etc/ssh/ssh_host_rsa_key.
[   40.053319] cloud-init[1104]: Your public key has been saved in /etc/ssh/ssh_host_rsa_key.pub.
[[0;32m  OK  [0m[   40.140172] cloud-init[1104]: The key fingerprint is:
[   40.140221] cloud-init[1104]: SHA256:BfX7sWetI8DF1BiteEPrck8jX6g+APrkl700ZYbDB7A root@ubuntu-yakkety
[   40.140259] cloud-init[1104]: The key's randomart image is:
[   40.140300] cloud-init[1104]: +---[RSA 2048]----+
[   40.140338] cloud-init[1104]: |        ..o .=   |
[   40.140374] cloud-init[1104]: |         . ++ o  |
[   40.140430] cloud-init[1104]: |          E=oo   |
[   40.140475] cloud-init[1104]: |        ....B+   |
[   40.140513] cloud-init[1104]: |       .So +=.*. |
[   40.140549] cloud-init[1104]: |      . . = +B+oo|
[   40.140584] cloud-init[1104]: |       +   Bo*oo+|
[   40.140621] cloud-init[1104]: |        o o.=.++ |
[   40.140656] cloud-init[1104]: |         . .o+.. |
[   40.140693] cloud-init[1104]: +----[SHA256]-----+
[   40.140916] cloud-init[1104]: Generating public/private dsa key pair.
[   40.140956] cloud-init[1104]: Your identification has been saved in /etc/ssh/ssh_host_dsa_key.
[   40.140995] cloud-init[1104]: Your public key has been saved in /etc/ssh/ssh_host_dsa_key.pub.
[   40.141034] cloud-init[1104]: The key fingerprint is:
[   40.141072] cloud-init[1104]: SHA256:2m+lTXlPPCs0VqhUkeEgsk5A8AsvT5dTobAD+Sblgcg root@ubuntu-yakkety
[   40.141110] cloud-init[1104]: The key's randomart image is:
[   40.141145] cloud-init[1104]: +---[DSA 1024]----+
[   40.141182] cloud-init[1104]: |. .o=+ . o . o+  |
[   40.141218] cloud-init[1104]: | E ooo+ + o oo   |
[   40.141254] cloud-init[1104]: |   .++.+ .  ...  |
[   40.141293] cloud-init[1104]: |   .o+= o  . . . |
[   40.141330] cloud-init[1104]: |   .o+ =S . .... |
[   40.141382] cloud-init[1104]: |    + .o.  .++..o|
[   40.141420] cloud-init[1104]: |     .. .  =o..oo|
[   40.141457] cloud-init[1104]: |         .o .. ..|
[   40.141494] cloud-init[1104]: |         ..   .  |
[   40.141530] cloud-init[1104]: +----[SHA256]-----+
[   40.141565] cloud-init[1104]: Generating public/private ecdsa key pair.
[   40.141602] cloud-init[1104]: Your identification has been saved in /etc/ssh/ssh_host_ecdsa_key.
[   40.141639] cloud-init[1104]: Your public key has been saved in /etc/ssh/ssh_host_ecdsa_key.pub.
[   40.141678] cloud-init[1104]: The key fingerprint is:
[   40.141714] cloud-init[1104]: SHA256:AHpWa4VsBo0zCXTLrazg9Ik554hB2x4H3JGjfznE3Ic root@ubuntu-yakkety
[   40.141752] cloud-init[1104]: The key's randomart image is:
[   40.141789] cloud-init[1104]: +---[ECDSA 256]---+
[   40.141825] cloud-init[1104]: | .o.+*...        |
[   40.141860] cloud-init[1104]: |   +==Bo         |
[   40.141897] cloud-init[1104]: |  . =O=          |
[   40.141932] cloud-init[1104]: |  .+oo=.. .      |
[   40.141969] cloud-init[1104]: |.o +o. +SE .     |
[   40.142005] cloud-init[1104]: |+.*.+ . . .      |
[   40.142041] cloud-init[1104]: |.*.* o +         |
[   40.142077] cloud-init[1104]: |..* o . .        |
[   40.142113] cloud-init[1104]: |.. o             |
[   40.142150] cloud-init[1104]: +----[SHA256]-----+
[   40.142187] cloud-init[1104]: Generating public/private ed25519 key pair.
[   40.142224] cloud-init[1104]: Your identification has been saved in /etc/ssh/ssh_host_ed25519_key.
[   40.142263] cloud-init[1104]: Your public key has been saved in /etc/ssh/ssh_host_ed25519_key.pub.
[   40.142299] cloud-init[1104]: The key fingerprint is:
[   40.142334] cloud-init[1104]: SHA256:8SNmeL8An8AqHckNvUESMM5p8LCy/TRopxa5uoT0CN4 root@ubuntu-yakkety
[   40.142387] cloud-init[1104]: The key's randomart image is:
[   40.142424] cloud-init[1104]: +--[ED25519 256]--+
[   40.142460] cloud-init[1104]: |o o.o..          |
[   40.142496] cloud-init[1104]: | B o +           |
[   40.142532] cloud-init[1104]: |o * . o .        |
[   40.142570] cloud-init[1104]: |.+ + = + o       |
[   40.142606] cloud-init[1104]: |o.* B B S o      |
[   40.142644] cloud-init[1104]: |=.+O + B + .     |
[   40.142681] cloud-init[1104]: |.+=E+   + .      |
[   40.142717] cloud-init[1104]: |.o .     . .     |
[   40.142754] cloud-init[1104]: |o.        .      |
[   40.142791] cloud-init[1104]: ] Listening on UUID daemon activation socket.
[[0;32m  OK  [0m] Reached target Cloud-config availability.
+----[SHA256]-----+
[[0;32m  OK  [0m] Listening on LXD - unix socket.
[[0;32m  OK  [0m] Listening on Socket activation for snappy daemon.
[[0;32m  OK  [0m] Started iSCSI initiator daemon (iscsid).
         Starting Login to default iSCSI targets...
[[0;32m  OK  [0m] Reached target Sockets.
[[0;32m  OK  [0m] Reached target Basic System.
         Starting System Logging Service...
[[0;32m  OK  [0m] Started ACPI event daemon.
[[0;32m  OK  [0m] Started Regular background program processing daemon.
         Starting Pollinate to seed the pseudo random number generator...
         Starting Accounts Service...
[[0;32m  OK  [0m] Started Snappy daemon.
[[0;32m  OK  [0m] Started Deferred execution scheduler.
         Starting LSB: Record successful boot for GRUB...
         Starting Login Service...
[[0;32m  OK  [0m] Started FUSE filesystem for LXC.
         Starting Apply the settings specified in cloud-config...
[[0;32m  OK  [0m] Started D-Bus System Message Bus.
         Starting Network Name Resolution...
         Starting Auto import assertions from block devices...
         Starting LXD - container startup/shutdown...
[[0;32m  OK  [0m] Started System Logging Service.
[[0;32m  OK  [0m] Started Auto import assertions from block devices.
         Starting Authenticate and Authorize Users to Run Privileged Tasks...
[[0;32m  OK  [0m] Started LSB: Record successful boot for GRUB.
[[0;32m  OK  [0m] Started Login Service.
[[0;32m  OK  [0m] Started Network Name Resolution.
[[0;32m  OK  [0m] Started Login to default iSCSI targets.
[[0;32m  OK  [0m] Started Authenticate and Authorize Users to Run Privileged Tasks.
[[0;32m  OK  [0m] Started Accounts Service.
[[0;32m  OK  [0m] Started LXD - container startup/shutdown.
[[0;32m  OK  [0m] Reached target Remote File Systems (Pre).
[[0;32m  OK  [0m] Reached target Remote File Systems.
[   42.759291] cloud-init[1420]: Generating locales (this might take a while)...
         Starting LSB: daemon to balance interrupts for SMP systems...
         Starting Permit User Sessions...
         Starting LSB: automatic crash report generation...
         Starting LSB: VirtualBox Linux Additions...
[[0;32m  OK  [0m] Started Pollinate to seed the pseudo random number generator.
[[0;32m  OK  [0m] Started Permit User Sessions.
         Starting Hold until boot process finishes up...
         Starting Terminate Plymouth Boot Screen...
         Starting OpenBSD Secure Shell server...
[[0;32m  OK  [0m] Started OpenBSD Secure Shell server.
[[0;32m  OK  [0m] Started Hold until boot process finishes up.
[[0;32m  OK  [0m] Started Terminate Plymouth Boot Screen.
[   43.376134] cloud-init[1420]:   en_US.UTF-8... done
[[0;32m  OK  [0m] Started Serial Getty on ttyS0.
[   43.401095] cloud-init[1420]: Generation complete.
         Starting Set console scheme...
[[0;32m  OK  [0m] Started LSB: daemon to balance interrupts for SMP systems.
[[0;32m  OK  [0m] Started LSB: automatic crash report generation.
[[0;32m  OK  [0m] Started LSB: VirtualBox Linux Additions.
[[0;32m  OK  [0m] Started Set console scheme.
[[0;32m  OK  [0m] Created slice system-getty.slice.
[[0;32m  OK  [0m] Started Getty on tty1.
[[0;32m  OK  [0m] Reached target Login Prompts.
[[0;32m  OK  [0m] Reached target Multi-User System.
[[0;32m  OK  [0m] Reached target Graphical Interface.
         Starting Update UTMP about System Runlevel Changes...
[[0;32m  OK  [0m] Started Update UTMP about System Runlevel Changes.
         Stopping OpenBSD Secure Shell server...
[[0;32m  OK  [0m] Stopped OpenBSD Secure Shell server.
         Starting OpenBSD Secure Shell server...
[[0;32m  OK  [0m] Started OpenBSD Secure Shell server.
[   44.762381] cloud-init[1420]: Cloud-init v. 0.7.9 running 'modules:config' at Thu, 16 Mar 2017 11:43:51 +0000. Up 42.65 seconds.
[[0;32m  OK  [0m] Started Apply the settings specified in cloud-config.
         Starting Execute cloud user/final scripts...
ci-info: no authorized ssh keys fingerprints found for user ubuntu.
<14>Mar 16 11:43:54 ec2: 
<14>Mar 16 11:43:54 ec2: #############################################################
<14>Mar 16 11:43:54 ec2: -----BEGIN SSH HOST KEY FINGERPRINTS-----
<14>Mar 16 11:43:54 ec2: 1024 SHA256:2m+lTXlPPCs0VqhUkeEgsk5A8AsvT5dTobAD+Sblgcg root@ubuntu-yakkety (DSA)
<14>Mar 16 11:43:54 ec2: 256 SHA256:AHpWa4VsBo0zCXTLrazg9Ik554hB2x4H3JGjfznE3Ic root@ubuntu-yakkety (ECDSA)
<14>Mar 16 11:43:54 ec2: 256 SHA256:8SNmeL8An8AqHckNvUESMM5p8LCy/TRopxa5uoT0CN4 root@ubuntu-yakkety (ED25519)
<14>Mar 16 11:43:54 ec2: 2048 SHA256:BfX7sWetI8DF1BiteEPrck8jX6g+APrkl700ZYbDB7A root@ubuntu-yakkety (RSA)
<14>Mar 16 11:43:54 ec2: -----END SSH HOST KEY FINGERPRINTS-----
<14>Mar 16 11:43:54 ec2: #############################################################
-----BEGIN SSH HOST KEY KEYS-----
ecdsa-sha2-nistp256 AAAAE2VjZHNhLXNoYTItbmlzdHAyNTYAAAAIbmlzdHAyNTYAAABBBPWWCQ79kfT5wy5XG3zRzVd+A1QYfzL9JuIuSrd4ocpKAKQ/uxqAwrkgE/DbSIkWT7HnEHGtrdE9Z2TgWjB6WP4= root@ubuntu-yakkety
ssh-ed25519 AAAAC3NzaC1lZDI1NTE5AAAAIIaVUzheOJgYcAt4C6av0OtSiKmFt78liDNazABTi859 root@ubuntu-yakkety
ssh-rsa AAAAB3NzaC1yc2EAAAADAQABAAABAQC1th0YwSI5Rx65Vzyr87hkgOP/cHraJSUe5u8+dd/IMg5LBLSEex/elIj/IasSDGGetv7zx37XrDMBei5+f6qt+g/dtqMoidm4NQVIygLZiIxD5SRyKnUMgbTVjro8Dyz67CNRqkq4aFSl9T/A2gHM7e6UiVwI5bcfPM/G626uR2UizxajrT/yTz2bPxrjG47IPnKupr4lXzEpYyghx2RUxLmX8N3fX0ouo3WMTi4fa7uaZgvGqINseZcg8PWSoOpVEVX1RZLAUUGo5GsQWCpe9M5hsYDc+yLIny2Lrr/kHUOADgAKCFGchKRwoagd022T5DbFX/zg8FDywYrFOyNX root@ubuntu-yakkety
-----END SSH HOST KEY KEYS-----
[   47.124685] cloud-init[1804]: Cloud-init v. 0.7.9 running 'modules:final' at Thu, 16 Mar 2017 11:43:54 +0000. Up 45.31 seconds.
[[0;32m  OK  [0m] Started Execute cloud user/final scripts.
[[0;32m  OK  [cloud-init[1804]: ci-info: no authorized ssh keys fingerprints found for user ubuntu.
[   47.380212] cloud-init[1804]: Cloud-init v. 0.7.9 finished at Thu, 16 Mar 2017 11:43:56 +0000. Datasource DataSourceNoCloud [seed=/dev/sdb][dsmode=net].  Up 47.11 seconds

Ubuntu 16.10 ubuntu-yakkety ttyS0

ubuntu-yakkety login: 